<?xml version="1.0" encoding="UTF-8"?>
<testsuite name="algo.trader.endpoints.CurrencyServiceTest" time="0.9" tests="1" errors="0" skipped="0" failures="1">
  <properties>
[...]
</properties>
  <testcase name="allCurrenciesReturned" classname="algo.trader.endpoints.CurrencyServiceTest" time="0.9">
    <failure message="1 expectation failed.&#10;Response body doesn&apos;t match expectation.&#10;Expected: (a collection containing &quot;USD&quot; and a collection containing &quot;GBP&quot; and a collection containing &quot;EUR&quot; and a collection containing &quot;JPY&quot;)&#10;  Actual: [&quot;USD&quot;,&quot;GBP&quot;,&quot;EUR&quot;,&quot;JPY&quot;]&#10;" type="java.lang.AssertionError">java.lang.AssertionError: 1 expectation failed.
Response body doesn't match expectation.
Expected: (a collection containing "USD" and a collection containing "GBP" and a collection containing "EUR" and a collection containing "JPY")
  Actual: ["USD","GBP","EUR","JPY"]

	at sun.reflect.NativeConstructorAccessorImpl.newInstance0(Native Method)
	at sun.reflect.NativeConstructorAccessorImpl.newInstance(NativeConstructorAccessorImpl.java:62)
	at sun.reflect.DelegatingConstructorAccessorImpl.newInstance(DelegatingConstructorAccessorImpl.java:45)
	at java.lang.reflect.Constructor.newInstance(Constructor.java:423)
	at org.codehaus.groovy.reflection.CachedConstructor.invoke(CachedConstructor.java:83)
	at org.codehaus.groovy.reflection.CachedConstructor.doConstructorInvoke(CachedConstructor.java:77)
	at org.codehaus.groovy.runtime.callsite.ConstructorSite$ConstructorSiteNoUnwrap.callConstructor(ConstructorSite.java:84)
	at org.codehaus.groovy.runtime.callsite.CallSiteArray.defaultCallConstructor(CallSiteArray.java:60)
	at org.codehaus.groovy.runtime.callsite.AbstractCallSite.callConstructor(AbstractCallSite.java:235)
	at org.codehaus.groovy.runtime.callsite.AbstractCallSite.callConstructor(AbstractCallSite.java:247)
	at io.restassured.internal.ResponseSpecificationImpl$HamcrestAssertionClosure.validate(ResponseSpecificationImpl.groovy:451)
	at io.restassured.internal.ResponseSpecificationImpl$HamcrestAssertionClosure$validate$1.call(Unknown Source)
	at io.restassured.internal.ResponseSpecificationImpl.validateResponseIfRequired(ResponseSpecificationImpl.groovy:613)
	at sun.reflect.NativeMethodAccessorImpl.invoke0(Native Method)
	at sun.reflect.NativeMethodAccessorImpl.invoke(NativeMethodAccessorImpl.java:62)
	at sun.reflect.DelegatingMethodAccessorImpl.invoke(DelegatingMethodAccessorImpl.java:43)
	at java.lang.reflect.Method.invoke(Method.java:498)
	at org.codehaus.groovy.runtime.callsite.PogoMetaMethodSite$PogoCachedMethodSiteNoUnwrapNoCoerce.invoke(PogoMetaMethodSite.java:210)
	at org.codehaus.groovy.runtime.callsite.PogoMetaMethodSite.callCurrent(PogoMetaMethodSite.java:59)
	at org.codehaus.groovy.runtime.callsite.CallSiteArray.defaultCallCurrent(CallSiteArray.java:52)
	at org.codehaus.groovy.runtime.callsite.AbstractCallSite.callCurrent(AbstractCallSite.java:154)
	at org.codehaus.groovy.runtime.callsite.AbstractCallSite.callCurrent(AbstractCallSite.java:166)
	at io.restassured.internal.ResponseSpecificationImpl.content(ResponseSpecificationImpl.groovy:92)
	at io.restassured.specification.ResponseSpecification$content$1.callCurrent(Unknown Source)
	at org.codehaus.groovy.runtime.callsite.CallSiteArray.defaultCallCurrent(CallSiteArray.java:52)
	at org.codehaus.groovy.runtime.callsite.AbstractCallSite.callCurrent(AbstractCallSite.java:154)
	at org.codehaus.groovy.runtime.callsite.AbstractCallSite.callCurrent(AbstractCallSite.java:174)
	at io.restassured.internal.ResponseSpecificationImpl.body(ResponseSpecificationImpl.groovy:230)
	at io.restassured.internal.ValidatableResponseOptionsImpl.body(ValidatableResponseOptionsImpl.java:262)
	at algo.trader.endpoints.CurrencyServiceTest.allCurrenciesReturned(CurrencyServiceTest.java:40)
</failure>
    <system-out><![CDATA[06:45:14.781 [main] DEBUG org.springframework.test.context.junit4.SpringJUnit4ClassRunner - SpringJUnit4ClassRunner constructor called with [class algo.trader.endpoints.CurrencyServiceTest]
06:45:14.806 [main] DEBUG org.springframework.test.context.BootstrapUtils - Instantiating CacheAwareContextLoaderDelegate from class [org.springframework.test.context.cache.DefaultCacheAwareContextLoaderDelegate]
06:45:14.814 [main] DEBUG org.springframework.test.context.BootstrapUtils - Instantiating BootstrapContext using constructor [public org.springframework.test.context.support.DefaultBootstrapContext(java.lang.Class,org.springframework.test.context.CacheAwareContextLoaderDelegate)]
06:45:14.828 [main] DEBUG org.springframework.test.context.BootstrapUtils - Instantiating TestContextBootstrapper for test class [algo.trader.endpoints.CurrencyServiceTest] from class [org.springframework.boot.test.context.SpringBootTestContextBootstrapper]
06:45:14.839 [main] INFO org.springframework.boot.test.context.SpringBootTestContextBootstrapper - Neither @ContextConfiguration nor @ContextHierarchy found for test class [algo.trader.endpoints.CurrencyServiceTest], using SpringBootContextLoader
06:45:14.842 [main] DEBUG org.springframework.test.context.support.AbstractContextLoader - Did not detect default resource location for test class [algo.trader.endpoints.CurrencyServiceTest]: class path resource [algo/trader/endpoints/CurrencyServiceTest-context.xml] does not exist
06:45:14.842 [main] DEBUG org.springframework.test.context.support.AbstractContextLoader - Did not detect default resource location for test class [algo.trader.endpoints.CurrencyServiceTest]: class path resource [algo/trader/endpoints/CurrencyServiceTestContext.groovy] does not exist
06:45:14.842 [main] INFO org.springframework.test.context.support.AbstractContextLoader - Could not detect default resource locations for test class [algo.trader.endpoints.CurrencyServiceTest]: no resource found for suffixes {-context.xml, Context.groovy}.
06:45:14.880 [main] DEBUG org.springframework.test.context.support.ActiveProfilesUtils - Could not find an 'annotation declaring class' for annotation type [org.springframework.test.context.ActiveProfiles] and class [algo.trader.endpoints.CurrencyServiceTest]
06:45:14.907 [main] DEBUG org.springframework.boot.test.context.SpringBootTestContextBootstrapper - @TestExecutionListeners is not present for class [algo.trader.endpoints.CurrencyServiceTest]: using defaults.
06:45:14.910 [main] INFO org.springframework.boot.test.context.SpringBootTestContextBootstrapper - Loaded default TestExecutionListener class names from location [META-INF/spring.factories]: [org.springframework.boot.test.mock.mockito.MockitoTestExecutionListener, org.springframework.boot.test.mock.mockito.ResetMocksTestExecutionListener, org.springframework.boot.test.autoconfigure.AutoConfigureReportTestExecutionListener, org.springframework.boot.test.autoconfigure.restdocs.RestDocsTestExecutionListener, org.springframework.boot.test.autoconfigure.web.client.MockRestServiceServerResetTestExecutionListener, org.springframework.test.context.web.ServletTestExecutionListener, org.springframework.test.context.support.DirtiesContextBeforeModesTestExecutionListener, org.springframework.test.context.support.DependencyInjectionTestExecutionListener, org.springframework.test.context.support.DirtiesContextTestExecutionListener, org.springframework.test.context.transaction.TransactionalTestExecutionListener, org.springframework.test.context.jdbc.SqlScriptsTestExecutionListener]
06:45:14.925 [main] INFO org.springframework.boot.test.context.SpringBootTestContextBootstrapper - Using TestExecutionListeners: [org.springframework.test.context.web.ServletTestExecutionListener@3aeaafa6, org.springframework.test.context.support.DirtiesContextBeforeModesTestExecutionListener@76a3e297, org.springframework.boot.test.autoconfigure.AutoConfigureReportTestExecutionListener@4d3167f4, org.springframework.test.context.support.DependencyInjectionTestExecutionListener@ed9d034, org.springframework.test.context.support.DirtiesContextTestExecutionListener@6121c9d6, org.springframework.test.context.transaction.TransactionalTestExecutionListener@87f383f, org.springframework.test.context.jdbc.SqlScriptsTestExecutionListener@4eb7f003, org.springframework.boot.test.mock.mockito.MockitoTestExecutionListener@eafc191, org.springframework.boot.test.autoconfigure.web.client.MockRestServiceServerResetTestExecutionListener@612fc6eb, org.springframework.boot.test.autoconfigure.restdocs.RestDocsTestExecutionListener@1060b431, org.springframework.boot.test.mock.mockito.ResetMocksTestExecutionListener@612679d6]
06:45:14.929 [main] DEBUG org.springframework.test.context.junit4.SpringJUnit4ClassRunner - SpringJUnit4ClassRunner constructor called with [class algo.trader.repository.MarketOrderRepositoryTest]
06:45:14.930 [main] DEBUG org.springframework.test.context.BootstrapUtils - Instantiating CacheAwareContextLoaderDelegate from class [org.springframework.test.context.cache.DefaultCacheAwareContextLoaderDelegate]
06:45:14.930 [main] DEBUG org.springframework.test.context.BootstrapUtils - Instantiating BootstrapContext using constructor [public org.springframework.test.context.support.DefaultBootstrapContext(java.lang.Class,org.springframework.test.context.CacheAwareContextLoaderDelegate)]
06:45:14.931 [main] DEBUG org.springframework.test.context.BootstrapUtils - Instantiating TestContextBootstrapper for test class [algo.trader.repository.MarketOrderRepositoryTest] from class [org.springframework.boot.test.context.SpringBootTestContextBootstrapper]
06:45:14.932 [main] INFO org.springframework.boot.test.context.SpringBootTestContextBootstrapper - Neither @ContextConfiguration nor @ContextHierarchy found for test class [algo.trader.repository.MarketOrderRepositoryTest], using SpringBootContextLoader
06:45:14.933 [main] DEBUG org.springframework.test.context.support.AbstractContextLoader - Did not detect default resource location for test class [algo.trader.repository.MarketOrderRepositoryTest]: class path resource [algo/trader/repository/MarketOrderRepositoryTest-context.xml] does not exist
06:45:14.933 [main] DEBUG org.springframework.test.context.support.AbstractContextLoader - Did not detect default resource location for test class [algo.trader.repository.MarketOrderRepositoryTest]: class path resource [algo/trader/repository/MarketOrderRepositoryTestContext.groovy] does not exist
06:45:14.934 [main] INFO org.springframework.test.context.support.AbstractContextLoader - Could not detect default resource locations for test class [algo.trader.repository.MarketOrderRepositoryTest]: no resource found for suffixes {-context.xml, Context.groovy}.
06:45:14.944 [main] DEBUG org.springframework.test.context.support.ActiveProfilesUtils - Could not find an 'annotation declaring class' for annotation type [org.springframework.test.context.ActiveProfiles] and class [algo.trader.repository.MarketOrderRepositoryTest]
06:45:14.954 [main] DEBUG org.springframework.boot.test.context.SpringBootTestContextBootstrapper - @TestExecutionListeners is not present for class [algo.trader.repository.MarketOrderRepositoryTest]: using defaults.
06:45:14.959 [main] INFO org.springframework.boot.test.context.SpringBootTestContextBootstrapper - Loaded default TestExecutionListener class names from location [META-INF/spring.factories]: [org.springframework.boot.test.mock.mockito.MockitoTestExecutionListener, org.springframework.boot.test.mock.mockito.ResetMocksTestExecutionListener, org.springframework.boot.test.autoconfigure.AutoConfigureReportTestExecutionListener, org.springframework.boot.test.autoconfigure.restdocs.RestDocsTestExecutionListener, org.springframework.boot.test.autoconfigure.web.client.MockRestServiceServerResetTestExecutionListener, org.springframework.test.context.web.ServletTestExecutionListener, org.springframework.test.context.support.DirtiesContextBeforeModesTestExecutionListener, org.springframework.test.context.support.DependencyInjectionTestExecutionListener, org.springframework.test.context.support.DirtiesContextTestExecutionListener, org.springframework.test.context.transaction.TransactionalTestExecutionListener, org.springframework.test.context.jdbc.SqlScriptsTestExecutionListener]
06:45:14.962 [main] INFO org.springframework.boot.test.context.SpringBootTestContextBootstrapper - Using TestExecutionListeners: [org.springframework.test.context.web.ServletTestExecutionListener@42607a4f, org.springframework.test.context.support.DirtiesContextBeforeModesTestExecutionListener@782663d3, org.springframework.boot.test.autoconfigure.AutoConfigureReportTestExecutionListener@1990a65e, org.springframework.test.context.support.DependencyInjectionTestExecutionListener@64485a47, org.springframework.test.context.support.DirtiesContextTestExecutionListener@25bbf683, org.springframework.test.context.transaction.TransactionalTestExecutionListener@6ec8211c, org.springframework.test.context.jdbc.SqlScriptsTestExecutionListener@7276c8cd, org.springframework.boot.test.mock.mockito.MockitoTestExecutionListener@544a2ea6, org.springframework.boot.test.autoconfigure.web.client.MockRestServiceServerResetTestExecutionListener@2e3fc542, org.springframework.boot.test.autoconfigure.restdocs.RestDocsTestExecutionListener@150c158, org.springframework.boot.test.mock.mockito.ResetMocksTestExecutionListener@4524411f]
06:45:14.968 [main] DEBUG org.springframework.test.annotation.ProfileValueUtils - Retrieved @ProfileValueSourceConfiguration [null] for test class [algo.trader.endpoints.CurrencyServiceTest]
06:45:14.970 [main] DEBUG org.springframework.test.annotation.ProfileValueUtils - Retrieved ProfileValueSource type [class org.springframework.test.annotation.SystemProfileValueSource] for class [algo.trader.endpoints.CurrencyServiceTest]
06:45:14.971 [main] DEBUG org.springframework.test.annotation.ProfileValueUtils - Retrieved @ProfileValueSourceConfiguration [null] for test class [algo.trader.repository.MarketOrderRepositoryTest]
06:45:14.971 [main] DEBUG org.springframework.test.annotation.ProfileValueUtils - Retrieved ProfileValueSource type [class org.springframework.test.annotation.SystemProfileValueSource] for class [algo.trader.repository.MarketOrderRepositoryTest]
06:45:14.975 [main] DEBUG org.springframework.test.context.junit4.SpringJUnit4ClassRunner - SpringJUnit4ClassRunner constructor called with [class algo.trader.endpoints.CurrencyServiceTest]
06:45:14.976 [main] DEBUG org.springframework.test.context.BootstrapUtils - Instantiating CacheAwareContextLoaderDelegate from class [org.springframework.test.context.cache.DefaultCacheAwareContextLoaderDelegate]
06:45:14.976 [main] DEBUG org.springframework.test.context.BootstrapUtils - Instantiating BootstrapContext using constructor [public org.springframework.test.context.support.DefaultBootstrapContext(java.lang.Class,org.springframework.test.context.CacheAwareContextLoaderDelegate)]
06:45:14.977 [main] DEBUG org.springframework.test.context.BootstrapUtils - Instantiating TestContextBootstrapper for test class [algo.trader.endpoints.CurrencyServiceTest] from class [org.springframework.boot.test.context.SpringBootTestContextBootstrapper]
06:45:14.978 [main] INFO org.springframework.boot.test.context.SpringBootTestContextBootstrapper - Neither @ContextConfiguration nor @ContextHierarchy found for test class [algo.trader.endpoints.CurrencyServiceTest], using SpringBootContextLoader
06:45:14.979 [main] DEBUG org.springframework.test.context.support.AbstractContextLoader - Did not detect default resource location for test class [algo.trader.endpoints.CurrencyServiceTest]: class path resource [algo/trader/endpoints/CurrencyServiceTest-context.xml] does not exist
06:45:14.979 [main] DEBUG org.springframework.test.context.support.AbstractContextLoader - Did not detect default resource location for test class [algo.trader.endpoints.CurrencyServiceTest]: class path resource [algo/trader/endpoints/CurrencyServiceTestContext.groovy] does not exist
06:45:14.979 [main] INFO org.springframework.test.context.support.AbstractContextLoader - Could not detect default resource locations for test class [algo.trader.endpoints.CurrencyServiceTest]: no resource found for suffixes {-context.xml, Context.groovy}.
06:45:14.985 [main] DEBUG org.springframework.test.context.support.ActiveProfilesUtils - Could not find an 'annotation declaring class' for annotation type [org.springframework.test.context.ActiveProfiles] and class [algo.trader.endpoints.CurrencyServiceTest]
06:45:14.986 [main] DEBUG org.springframework.boot.test.context.SpringBootTestContextBootstrapper - @TestExecutionListeners is not present for class [algo.trader.endpoints.CurrencyServiceTest]: using defaults.
06:45:14.990 [main] INFO org.springframework.boot.test.context.SpringBootTestContextBootstrapper - Loaded default TestExecutionListener class names from location [META-INF/spring.factories]: [org.springframework.boot.test.mock.mockito.MockitoTestExecutionListener, org.springframework.boot.test.mock.mockito.ResetMocksTestExecutionListener, org.springframework.boot.test.autoconfigure.AutoConfigureReportTestExecutionListener, org.springframework.boot.test.autoconfigure.restdocs.RestDocsTestExecutionListener, org.springframework.boot.test.autoconfigure.web.client.MockRestServiceServerResetTestExecutionListener, org.springframework.test.context.web.ServletTestExecutionListener, org.springframework.test.context.support.DirtiesContextBeforeModesTestExecutionListener, org.springframework.test.context.support.DependencyInjectionTestExecutionListener, org.springframework.test.context.support.DirtiesContextTestExecutionListener, org.springframework.test.context.transaction.TransactionalTestExecutionListener, org.springframework.test.context.jdbc.SqlScriptsTestExecutionListener]
06:45:14.991 [main] INFO org.springframework.boot.test.context.SpringBootTestContextBootstrapper - Using TestExecutionListeners: [org.springframework.test.context.web.ServletTestExecutionListener@24b1d79b, org.springframework.test.context.support.DirtiesContextBeforeModesTestExecutionListener@68ceda24, org.springframework.boot.test.autoconfigure.AutoConfigureReportTestExecutionListener@281e3708, org.springframework.test.context.support.DependencyInjectionTestExecutionListener@35a50a4c, org.springframework.test.context.support.DirtiesContextTestExecutionListener@1f021e6c, org.springframework.test.context.transaction.TransactionalTestExecutionListener@103f852, org.springframework.test.context.jdbc.SqlScriptsTestExecutionListener@587c290d, org.springframework.boot.test.mock.mockito.MockitoTestExecutionListener@4516af24, org.springframework.boot.test.autoconfigure.web.client.MockRestServiceServerResetTestExecutionListener@4ae82894, org.springframework.boot.test.autoconfigure.restdocs.RestDocsTestExecutionListener@543788f3, org.springframework.boot.test.mock.mockito.ResetMocksTestExecutionListener@6d3af739]
06:45:14.992 [main] DEBUG org.springframework.test.annotation.ProfileValueUtils - Retrieved @ProfileValueSourceConfiguration [null] for test class [algo.trader.endpoints.CurrencyServiceTest]
06:45:14.992 [main] DEBUG org.springframework.test.annotation.ProfileValueUtils - Retrieved ProfileValueSource type [class org.springframework.test.annotation.SystemProfileValueSource] for class [algo.trader.endpoints.CurrencyServiceTest]
06:45:14.992 [main] DEBUG org.springframework.test.annotation.ProfileValueUtils - Retrieved @ProfileValueSourceConfiguration [null] for test class [algo.trader.endpoints.CurrencyServiceTest]
06:45:14.993 [main] DEBUG org.springframework.test.annotation.ProfileValueUtils - Retrieved ProfileValueSource type [class org.springframework.test.annotation.SystemProfileValueSource] for class [algo.trader.endpoints.CurrencyServiceTest]
06:45:14.997 [main] DEBUG org.springframework.test.context.support.AbstractDirtiesContextTestExecutionListener - Before test class: context [DefaultTestContext@b9afc07 testClass = CurrencyServiceTest, testInstance = [null], testMethod = [null], testException = [null], mergedContextConfiguration = [WebMergedContextConfiguration@382db087 testClass = CurrencyServiceTest, locations = '{}', classes = '{class algo.trader.Application, class algo.trader.Application}', contextInitializerClasses = '[]', activeProfiles = '{}', propertySourceLocations = '{}', propertySourceProperties = '{org.springframework.boot.test.context.SpringBootTestContextBootstrapper=true}', contextCustomizers = set[org.springframework.boot.test.context.SpringBootTestContextCustomizer@78c03f1f, org.springframework.boot.test.context.filter.ExcludeFilterContextCustomizer@5383967b, org.springframework.boot.test.mock.mockito.MockitoContextCustomizer@0, org.springframework.boot.test.autoconfigure.properties.PropertyMappingContextCustomizer@0], resourceBasePath = 'src/main/webapp', contextLoader = 'org.springframework.boot.test.context.SpringBootContextLoader', parent = [null]]], class annotated with @DirtiesContext [false] with mode [null].
06:45:15.000 [main] DEBUG org.springframework.test.annotation.ProfileValueUtils - Retrieved @ProfileValueSourceConfiguration [null] for test class [algo.trader.endpoints.CurrencyServiceTest]
06:45:15.001 [main] DEBUG org.springframework.test.annotation.ProfileValueUtils - Retrieved ProfileValueSource type [class org.springframework.test.annotation.SystemProfileValueSource] for class [algo.trader.endpoints.CurrencyServiceTest]
06:45:15.001 [main] DEBUG org.springframework.test.context.support.DependencyInjectionTestExecutionListener - Performing dependency injection for test context [[DefaultTestContext@b9afc07 testClass = CurrencyServiceTest, testInstance = algo.trader.endpoints.CurrencyServiceTest@44f75083, testMethod = [null], testException = [null], mergedContextConfiguration = [WebMergedContextConfiguration@382db087 testClass = CurrencyServiceTest, locations = '{}', classes = '{class algo.trader.Application, class algo.trader.Application}', contextInitializerClasses = '[]', activeProfiles = '{}', propertySourceLocations = '{}', propertySourceProperties = '{org.springframework.boot.test.context.SpringBootTestContextBootstrapper=true}', contextCustomizers = set[org.springframework.boot.test.context.SpringBootTestContextCustomizer@78c03f1f, org.springframework.boot.test.context.filter.ExcludeFilterContextCustomizer@5383967b, org.springframework.boot.test.mock.mockito.MockitoContextCustomizer@0, org.springframework.boot.test.autoconfigure.properties.PropertyMappingContextCustomizer@0], resourceBasePath = 'src/main/webapp', contextLoader = 'org.springframework.boot.test.context.SpringBootContextLoader', parent = [null]]]].
06:45:15.067 [main] DEBUG org.springframework.core.env.StandardEnvironment - Adding [systemProperties] PropertySource with lowest search precedence
06:45:15.068 [main] DEBUG org.springframework.core.env.StandardEnvironment - Adding [systemEnvironment] PropertySource with lowest search precedence
06:45:15.068 [main] DEBUG org.springframework.core.env.StandardEnvironment - Initialized StandardEnvironment with PropertySources [systemProperties,systemEnvironment]
06:45:15.069 [main] DEBUG org.springframework.test.context.support.TestPropertySourceUtils - Adding inlined properties to environment: {spring.jmx.enabled=false, org.springframework.boot.test.context.SpringBootTestContextBootstrapper=true}
06:45:15.069 [main] DEBUG org.springframework.core.env.StandardEnvironment - Adding [Inlined Test Properties] PropertySource with highest search precedence

  .   ____          _            __ _ _
 /\\ / ___'_ __ _ _(_)_ __  __ _ \ \ \ \
( ( )\___ | '_ | '_| | '_ \/ _` | \ \ \ \
 \\/  ___)| |_)| | | | | || (_| |  ) ) ) )
  '  |____| .__|_| |_|_| |_\__, | / / / /
 =========|_|==============|___/=/_/_/_/
 :: Spring Boot ::        (v1.4.0.RELEASE)

2016-09-02 06:45:15.373  INFO 5187 --- [           main] a.trader.endpoints.CurrencyServiceTest   : Starting CurrencyServiceTest on ubuntu with PID 5187 (started by java in /home/java/java_courses/fidelity-workshop/spring-boot-transaction-soution)
2016-09-02 06:45:15.374  INFO 5187 --- [           main] a.trader.endpoints.CurrencyServiceTest   : No active profile set, falling back to default profiles: default
2016-09-02 06:45:15.633  INFO 5187 --- [           main] ationConfigEmbeddedWebApplicationContext : Refreshing org.springframework.boot.context.embedded.AnnotationConfigEmbeddedWebApplicationContext@3c77d488: startup date [Fri Sep 02 06:45:15 PDT 2016]; root of context hierarchy
2016-09-02 06:45:16.699  INFO 5187 --- [           main] trationDelegate$BeanPostProcessorChecker : Bean 'org.springframework.transaction.annotation.ProxyTransactionManagementConfiguration' of type [class org.springframework.transaction.annotation.ProxyTransactionManagementConfiguration$$EnhancerBySpringCGLIB$$d98e107] is not eligible for getting processed by all BeanPostProcessors (for example: not eligible for auto-proxying)
2016-09-02 06:45:17.084  INFO 5187 --- [           main] s.b.c.e.t.TomcatEmbeddedServletContainer : Tomcat initialized with port(s): 9090 (http)
2016-09-02 06:45:17.094  INFO 5187 --- [           main] o.apache.catalina.core.StandardService   : Starting service Tomcat
2016-09-02 06:45:17.096  INFO 5187 --- [           main] org.apache.catalina.core.StandardEngine  : Starting Servlet Engine: Apache Tomcat/8.5.4
2016-09-02 06:45:17.197  INFO 5187 --- [ost-startStop-1] o.a.c.c.C.[Tomcat].[localhost].[/]       : Initializing Spring embedded WebApplicationContext
2016-09-02 06:45:17.197  INFO 5187 --- [ost-startStop-1] o.s.web.context.ContextLoader            : Root WebApplicationContext: initialization completed in 1566 ms
2016-09-02 06:45:17.317  INFO 5187 --- [ost-startStop-1] o.s.b.w.servlet.ServletRegistrationBean  : Mapping servlet: 'dispatcherServlet' to [/]
2016-09-02 06:45:17.321  INFO 5187 --- [ost-startStop-1] o.s.b.w.servlet.FilterRegistrationBean   : Mapping filter: 'characterEncodingFilter' to: [/*]
2016-09-02 06:45:17.322  INFO 5187 --- [ost-startStop-1] o.s.b.w.servlet.FilterRegistrationBean   : Mapping filter: 'hiddenHttpMethodFilter' to: [/*]
2016-09-02 06:45:17.322  INFO 5187 --- [ost-startStop-1] o.s.b.w.servlet.FilterRegistrationBean   : Mapping filter: 'httpPutFormContentFilter' to: [/*]
2016-09-02 06:45:17.322  INFO 5187 --- [ost-startStop-1] o.s.b.w.servlet.FilterRegistrationBean   : Mapping filter: 'requestContextFilter' to: [/*]
2016-09-02 06:45:17.985  INFO 5187 --- [           main] o.s.jdbc.datasource.init.ScriptUtils     : Executing SQL script from URL [file:/home/java/java_courses/fidelity-workshop/spring-boot-transaction-soution/target/classes/schema.sql]
2016-09-02 06:45:17.997  INFO 5187 --- [           main] o.s.jdbc.datasource.init.ScriptUtils     : Executed SQL script from URL [file:/home/java/java_courses/fidelity-workshop/spring-boot-transaction-soution/target/classes/schema.sql] in 11 ms.
2016-09-02 06:45:17.997  INFO 5187 --- [           main] o.s.jdbc.datasource.init.ScriptUtils     : Executing SQL script from URL [file:/home/java/java_courses/fidelity-workshop/spring-boot-transaction-soution/target/test-classes/schema.sql]
2016-09-02 06:45:18.000  INFO 5187 --- [           main] o.s.jdbc.datasource.init.ScriptUtils     : Executed SQL script from URL [file:/home/java/java_courses/fidelity-workshop/spring-boot-transaction-soution/target/test-classes/schema.sql] in 3 ms.
2016-09-02 06:45:18.153  INFO 5187 --- [           main] s.w.s.m.m.a.RequestMappingHandlerAdapter : Looking for @ControllerAdvice: org.springframework.boot.context.embedded.AnnotationConfigEmbeddedWebApplicationContext@3c77d488: startup date [Fri Sep 02 06:45:15 PDT 2016]; root of context hierarchy
2016-09-02 06:45:18.209  INFO 5187 --- [           main] s.w.s.m.m.a.RequestMappingHandlerMapping : Mapped "{[/currencies],methods=[GET],produces=[application/json || text/xml]}" onto public java.util.List<algo.trader.domain.Currency> algo.trader.endpoints.CurrencyService.getCurrencies()
2016-09-02 06:45:18.211  INFO 5187 --- [           main] s.w.s.m.m.a.RequestMappingHandlerMapping : Mapped "{[/error],produces=[text/html]}" onto public org.springframework.web.servlet.ModelAndView org.springframework.boot.autoconfigure.web.BasicErrorController.errorHtml(javax.servlet.http.HttpServletRequest,javax.servlet.http.HttpServletResponse)
2016-09-02 06:45:18.212  INFO 5187 --- [           main] s.w.s.m.m.a.RequestMappingHandlerMapping : Mapped "{[/error]}" onto public org.springframework.http.ResponseEntity<java.util.Map<java.lang.String, java.lang.Object>> org.springframework.boot.autoconfigure.web.BasicErrorController.error(javax.servlet.http.HttpServletRequest)
2016-09-02 06:45:18.236  INFO 5187 --- [           main] o.s.w.s.handler.SimpleUrlHandlerMapping  : Mapped URL path [/webjars/**] onto handler of type [class org.springframework.web.servlet.resource.ResourceHttpRequestHandler]
2016-09-02 06:45:18.236  INFO 5187 --- [           main] o.s.w.s.handler.SimpleUrlHandlerMapping  : Mapped URL path [/**] onto handler of type [class org.springframework.web.servlet.resource.ResourceHttpRequestHandler]
2016-09-02 06:45:18.271  INFO 5187 --- [           main] o.s.w.s.handler.SimpleUrlHandlerMapping  : Mapped URL path [/**/favicon.ico] onto handler of type [class org.springframework.web.servlet.resource.ResourceHttpRequestHandler]
2016-09-02 06:45:18.431  INFO 5187 --- [           main] s.b.c.e.t.TomcatEmbeddedServletContainer : Tomcat started on port(s): 9090 (http)
2016-09-02 06:45:18.436  INFO 5187 --- [           main] a.trader.endpoints.CurrencyServiceTest   : Started CurrencyServiceTest in 3.362 seconds (JVM running for 3.915)
2016-09-02 06:45:19.161  INFO 5187 --- [nio-9090-exec-1] o.a.c.c.C.[Tomcat].[localhost].[/]       : Initializing Spring FrameworkServlet 'dispatcherServlet'
2016-09-02 06:45:19.161  INFO 5187 --- [nio-9090-exec-1] o.s.web.servlet.DispatcherServlet        : FrameworkServlet 'dispatcherServlet': initialization started
2016-09-02 06:45:19.173  INFO 5187 --- [nio-9090-exec-1] o.s.web.servlet.DispatcherServlet        : FrameworkServlet 'dispatcherServlet': initialization completed in 12 ms
2016-09-02 06:45:19.196 ERROR 5187 --- [nio-9090-exec-1] algo.trader.endpoints.CurrencyService    : In getCurrencies
]]></system-out>
  </testcase>
</testsuite>